Running file test.elf.
ELF Entry @ 0x8000003a
CSR mstatus <- 0x00000000 (input: 0x00000000)
mem[X,0x00001000] -> 0x0297
mem[X,0x00001002] -> 0x0000
[0] [M]: 0x00001000 (0x00000297) auipc t0, 0
x5 <- 0x00001000

mem[X,0x00001004] -> 0x8593
mem[X,0x00001006] -> 0x0202
[1] [M]: 0x00001004 (0x02028593) addi a1, t0, 32
x11 <- 0x00001020

mem[X,0x00001008] -> 0x2573
mem[X,0x0000100A] -> 0xF140
[2] [M]: 0x00001008 (0xF1402573) csrrs a0, mhartid, zero
CSR mhartid -> 0x00000000
x10 <- 0x00000000

mem[X,0x0000100C] -> 0xA283
mem[X,0x0000100E] -> 0x0182
[3] [M]: 0x0000100C (0x0182A283) lw t0, 24(t0)
mem[R,0x00001018] -> 0x8000003A
x5 <- 0x8000003A

mem[X,0x00001010] -> 0x8067
mem[X,0x00001012] -> 0x0002
[4] [M]: 0x00001010 (0x00028067) jalr zero, t0, 0

mem[X,0x8000003A] -> 0x2317
mem[X,0x8000003C] -> 0x0000
[5] [M]: 0x8000003A (0x00002317) auipc t1, 2
x6 <- 0x8000203A

mem[X,0x8000003E] -> 0x0313
mem[X,0x80000040] -> 0xFC63
[6] [M]: 0x8000003E (0xFC630313) addi t1, t1, 4038
x6 <- 0x80002000

mem[X,0x80000042] -> 0x859A
[7] [M]: 0x80000042 (0x859A) c.mv a1, t1
x11 <- 0x80002000

mem[X,0x80000044] -> 0x9513
mem[X,0x80000046] -> 0x0145
[8] [M]: 0x80000044 (0x01459513) slli a0, a1, 20
x10 <- 0x00000000

mem[X,0x80000048] -> 0x8151
[9] [M]: 0x80000048 (0x8151) c.srli a0, 20
x10 <- 0x00000000

mem[X,0x8000004A] -> 0x0293
mem[X,0x8000004C] -> 0x2800
[10] [M]: 0x8000004A (0x28000293) addi t0, zero, 640
x5 <- 0x00000280

mem[X,0x8000004E] -> 0x02DA
[11] [M]: 0x8000004E (0x02DA) c.slli t0, 22
x5 <- 0xA0000000

mem[X,0x80000050] -> 0x6533
mem[X,0x80000052] -> 0x0055
[12] [M]: 0x80000050 (0x00556533) or a0, a0, t0
x10 <- 0xA0000000

mem[X,0x80000054] -> 0x4289
[13] [M]: 0x80000054 (0x4289) c.li t0, 2
x5 <- 0x00000002

mem[X,0x80000056] -> 0x02B2
[14] [M]: 0x80000056 (0x02B2) c.slli t0, 12
x5 <- 0x00002000

mem[X,0x80000058] -> 0x6533
mem[X,0x8000005A] -> 0x0055
[15] [M]: 0x80000058 (0x00556533) or a0, a0, t0
x10 <- 0xA0002000

mem[X,0x8000005C] -> 0x4605
[16] [M]: 0x8000005C (0x4605) c.li a2, 1
x12 <- 0x00000001

mem[X,0x8000005E] -> 0x81B1
[17] [M]: 0x8000005E (0x81B1) c.srli a1, 12
x11 <- 0x00080002

mem[X,0x80000060] -> 0x05AA
[18] [M]: 0x80000060 (0x05AA) c.slli a1, 10
x11 <- 0x20000800

mem[X,0x80000062] -> 0x8DD1
[19] [M]: 0x80000062 (0x8DD1) c.or a1, a2
x11 <- 0x20000801

mem[X,0x80000064] -> 0x1337
mem[X,0x80000066] -> 0x8000
[20] [M]: 0x80000064 (0x80001337) lui t1, 524289
x6 <- 0x80001000

mem[X,0x80000068] -> 0x8159
[21] [M]: 0x80000068 (0x8159) c.srli a0, 22
x10 <- 0x00000280

mem[X,0x8000006A] -> 0x050A
[22] [M]: 0x8000006A (0x050A) c.slli a0, 2
x10 <- 0x00000A00

mem[X,0x8000006C] -> 0x932A
[23] [M]: 0x8000006C (0x932A) c.add t1, a0
x6 <- 0x80001A00

mem[X,0x8000006E] -> 0x2023
mem[X,0x80000070] -> 0x00B3
[24] [M]: 0x8000006E (0x00B32023) sw a1, 0(t1)
mem[0x80001A00] <- 0x20000801

mem[X,0x80000072] -> 0x0317
mem[X,0x80000074] -> 0x0000
[25] [M]: 0x80000072 (0x00000317) auipc t1, 0
x6 <- 0x80000072

mem[X,0x80000076] -> 0x0313
mem[X,0x80000078] -> 0x0BA3
[26] [M]: 0x80000076 (0x0BA30313) addi t1, t1, 186
x6 <- 0x8000012C

mem[X,0x8000007A] -> 0x859A
[27] [M]: 0x8000007A (0x859A) c.mv a1, t1
x11 <- 0x8000012C

mem[X,0x8000007C] -> 0x9513
mem[X,0x8000007E] -> 0x0145
[28] [M]: 0x8000007C (0x01459513) slli a0, a1, 20
x10 <- 0x12C00000

mem[X,0x80000080] -> 0x8151
[29] [M]: 0x80000080 (0x8151) c.srli a0, 20
x10 <- 0x0000012C

mem[X,0x80000082] -> 0x0293
mem[X,0x80000084] -> 0x2800
[30] [M]: 0x80000082 (0x28000293) addi t0, zero, 640
x5 <- 0x00000280

mem[X,0x80000086] -> 0x02DA
[31] [M]: 0x80000086 (0x02DA) c.slli t0, 22
x5 <- 0xA0000000

mem[X,0x80000088] -> 0x6533
mem[X,0x8000008A] -> 0x0055
[32] [M]: 0x80000088 (0x00556533) or a0, a0, t0
x10 <- 0xA000012C

mem[X,0x8000008C] -> 0x4281
[33] [M]: 0x8000008C (0x4281) c.li t0, 0
x5 <- 0x00000000

mem[X,0x8000008E] -> 0x02B2
[34] [M]: 0x8000008E (0x02B2) c.slli t0, 12
x5 <- 0x00000000

mem[X,0x80000090] -> 0x6533
mem[X,0x80000092] -> 0x0055
[35] [M]: 0x80000090 (0x00556533) or a0, a0, t0
x10 <- 0xA000012C

mem[X,0x80000094] -> 0x8E2A
[36] [M]: 0x80000094 (0x8E2A) c.mv t3, a0
x28 <- 0xA000012C

mem[X,0x80000096] -> 0x0613
mem[X,0x80000098] -> 0x0CF0
[37] [M]: 0x80000096 (0x0CF00613) addi a2, zero, 207
x12 <- 0x000000CF

mem[X,0x8000009A] -> 0x81B1
[38] [M]: 0x8000009A (0x81B1) c.srli a1, 12
x11 <- 0x00080000

mem[X,0x8000009C] -> 0x05AA
[39] [M]: 0x8000009C (0x05AA) c.slli a1, 10
x11 <- 0x20000000

mem[X,0x8000009E] -> 0x8DD1
[40] [M]: 0x8000009E (0x8DD1) c.or a1, a2
x11 <- 0x200000CF

mem[X,0x800000A0] -> 0x2337
mem[X,0x800000A2] -> 0x8000
[41] [M]: 0x800000A0 (0x80002337) lui t1, 524290
x6 <- 0x80002000

mem[X,0x800000A4] -> 0x052A
[42] [M]: 0x800000A4 (0x052A) c.slli a0, 10
x10 <- 0x0004B000

mem[X,0x800000A6] -> 0x8159
[43] [M]: 0x800000A6 (0x8159) c.srli a0, 22
x10 <- 0x00000000

mem[X,0x800000A8] -> 0x050A
[44] [M]: 0x800000A8 (0x050A) c.slli a0, 2
x10 <- 0x00000000

mem[X,0x800000AA] -> 0x932A
[45] [M]: 0x800000AA (0x932A) c.add t1, a0
x6 <- 0x80002000

mem[X,0x800000AC] -> 0x2023
mem[X,0x800000AE] -> 0x00B3
[46] [M]: 0x800000AC (0x00B32023) sw a1, 0(t1)
mem[0x80002000] <- 0x200000CF

mem[X,0x800000B0] -> 0x4317
mem[X,0x800000B2] -> 0x0000
[47] [M]: 0x800000B0 (0x00004317) auipc t1, 4
x6 <- 0x800040B0

mem[X,0x800000B4] -> 0x0313
mem[X,0x800000B6] -> 0xF503
[48] [M]: 0x800000B4 (0xF5030313) addi t1, t1, 3920
x6 <- 0x80004000

mem[X,0x800000B8] -> 0x859A
[49] [M]: 0x800000B8 (0x859A) c.mv a1, t1
x11 <- 0x80004000

mem[X,0x800000BA] -> 0x9513
mem[X,0x800000BC] -> 0x0145
[50] [M]: 0x800000BA (0x01459513) slli a0, a1, 20
x10 <- 0x00000000

mem[X,0x800000BE] -> 0x8151
[51] [M]: 0x800000BE (0x8151) c.srli a0, 20
x10 <- 0x00000000

mem[X,0x800000C0] -> 0x0293
mem[X,0x800000C2] -> 0x2800
[52] [M]: 0x800000C0 (0x28000293) addi t0, zero, 640
x5 <- 0x00000280

mem[X,0x800000C4] -> 0x02DA
[53] [M]: 0x800000C4 (0x02DA) c.slli t0, 22
x5 <- 0xA0000000

mem[X,0x800000C6] -> 0x6533
mem[X,0x800000C8] -> 0x0055
[54] [M]: 0x800000C6 (0x00556533) or a0, a0, t0
x10 <- 0xA0000000

mem[X,0x800000CA] -> 0x4291
[55] [M]: 0x800000CA (0x4291) c.li t0, 4
x5 <- 0x00000004

mem[X,0x800000CC] -> 0x02B2
[56] [M]: 0x800000CC (0x02B2) c.slli t0, 12
x5 <- 0x00004000

mem[X,0x800000CE] -> 0x6533
mem[X,0x800000D0] -> 0x0055
[57] [M]: 0x800000CE (0x00556533) or a0, a0, t0
x10 <- 0xA0004000

mem[X,0x800000D2] -> 0x8EAA
[58] [M]: 0x800000D2 (0x8EAA) c.mv t4, a0
x29 <- 0xA0004000

mem[X,0x800000D4] -> 0x0613
mem[X,0x800000D6] -> 0x0C30
[59] [M]: 0x800000D4 (0x0C300613) addi a2, zero, 195
x12 <- 0x000000C3

mem[X,0x800000D8] -> 0x81B1
[60] [M]: 0x800000D8 (0x81B1) c.srli a1, 12
x11 <- 0x00080004

mem[X,0x800000DA] -> 0x05AA
[61] [M]: 0x800000DA (0x05AA) c.slli a1, 10
x11 <- 0x20001000

mem[X,0x800000DC] -> 0x8DD1
[62] [M]: 0x800000DC (0x8DD1) c.or a1, a2
x11 <- 0x200010C3

mem[X,0x800000DE] -> 0x2337
mem[X,0x800000E0] -> 0x8000
[63] [M]: 0x800000DE (0x80002337) lui t1, 524290
x6 <- 0x80002000

mem[X,0x800000E2] -> 0x052A
[64] [M]: 0x800000E2 (0x052A) c.slli a0, 10
x10 <- 0x01000000

mem[X,0x800000E4] -> 0x8159
[65] [M]: 0x800000E4 (0x8159) c.srli a0, 22
x10 <- 0x00000004

mem[X,0x800000E6] -> 0x050A
[66] [M]: 0x800000E6 (0x050A) c.slli a0, 2
x10 <- 0x00000010

mem[X,0x800000E8] -> 0x932A
[67] [M]: 0x800000E8 (0x932A) c.add t1, a0
x6 <- 0x80002010

mem[X,0x800000EA] -> 0x2023
mem[X,0x800000EC] -> 0x00B3
[68] [M]: 0x800000EA (0x00B32023) sw a1, 0(t1)
mem[0x80002010] <- 0x200010C3

mem[X,0x800000EE] -> 0x1FB7
mem[X,0x800000F0] -> 0x8000
[69] [M]: 0x800000EE (0x80001FB7) lui t6, 524289
x31 <- 0x80001000

mem[X,0x800000F2] -> 0x0F37
mem[X,0x800000F4] -> 0x8000
[70] [M]: 0x800000F2 (0x80000F37) lui t5, 524288
x30 <- 0x80000000

mem[X,0x800000F6] -> 0xDF93
mem[X,0x800000F8] -> 0x00CF
[71] [M]: 0x800000F6 (0x00CFDF93) srli t6, t6, 12
x31 <- 0x00080001

mem[X,0x800000FA] -> 0xEFB3
mem[X,0x800000FC] -> 0x01EF
[72] [M]: 0x800000FA (0x01EFEFB3) or t6, t6, t5
x31 <- 0x80080001

mem[X,0x800000FE] -> 0x9073
mem[X,0x80000100] -> 0x180F
[73] [M]: 0x800000FE (0x180F9073) csrrw zero, satp, t6
CSR satp -> 0x00000000
CSR satp <- 0x80080001 (input: 0x80080001)

mem[X,0x80000102] -> 0x0397
mem[X,0x80000104] -> 0x0000
[74] [M]: 0x80000102 (0x00000397) auipc t2, 0
x7 <- 0x80000102

mem[X,0x80000106] -> 0x8393
mem[X,0x80000108] -> 0xEFE3
[75] [M]: 0x80000106 (0xEFE38393) addi t2, t2, 3838
x7 <- 0x80000000

mem[X,0x8000010A] -> 0x9073
mem[X,0x8000010C] -> 0x3053
[76] [M]: 0x8000010A (0x30539073) csrrw zero, mtvec, t2
CSR mtvec -> 0x00000000
CSR mtvec <- 0x80000000 (input: 0x80000000)

mem[X,0x8000010E] -> 0x1073
mem[X,0x80000110] -> 0x341E
[77] [M]: 0x8000010E (0x341E1073) csrrw zero, mepc, t3
CSR mepc -> 0x00000000
CSR mepc <- 0xA000012C (input: 0xA000012C)

mem[X,0x80000112] -> 0x6389
[78] [M]: 0x80000112 (0x6389) c.lui t2, 2
x7 <- 0x00002000

mem[X,0x80000114] -> 0x8393
mem[X,0x80000116] -> 0x8003
[79] [M]: 0x80000114 (0x80038393) addi t2, t2, 2048
x7 <- 0x00001800

mem[X,0x80000118] -> 0xB073
mem[X,0x8000011A] -> 0x3003
[80] [M]: 0x80000118 (0x3003B073) csrrc zero, mstatus, t2
CSR mstatus -> 0x00000000
CSR mstatus <- 0x00000000 (input: 0x00000000)

mem[X,0x8000011C] -> 0x13B7
mem[X,0x8000011E] -> 0x000C
[81] [M]: 0x8000011C (0x000C13B7) lui t2, 193
x7 <- 0x000C1000

mem[X,0x80000120] -> 0x8393
mem[X,0x80000122] -> 0x8003
[82] [M]: 0x80000120 (0x80038393) addi t2, t2, 2048
x7 <- 0x000C0800

mem[X,0x80000124] -> 0x9073
mem[X,0x80000126] -> 0x3003
[83] [M]: 0x80000124 (0x30039073) csrrw zero, mstatus, t2
CSR mstatus -> 0x00000000
CSR mstatus <- 0x000C0800 (input: 0x000C0800)

mem[X,0x80000128] -> 0x0073
mem[X,0x8000012A] -> 0x3020
[84] [M]: 0x80000128 (0x30200073) mret
CSR mstatus <- 0x000C0080
ret-ing from M to S

mem[R,0x80001A00] -> 0x20000801
mem[R,0x80002000] -> 0x200000CF
mem[X,0x8000012C] -> 0xAF83
mem[X,0x8000012E] -> 0x000E
[85] [S]: 0xA000012C (0x000EAF83) lw t6, 0(t4)
mem[R,0x80001A00] -> 0x20000801
mem[R,0x80002010] -> 0x200010C3
mem[R,0x80004000] -> 0x00000023
x31 <- 0x00000023

mem[R,0x80001A00] -> 0x20000801
mem[R,0x80002000] -> 0x200000CF
mem[X,0x80000130] -> 0x4297
mem[X,0x80000132] -> 0x0000
[86] [S]: 0xA0000130 (0x00004297) auipc t0, 4
x5 <- 0xA0004130

mem[X,0x80000134] -> 0x8293
mem[X,0x80000136] -> 0xEE02
[87] [S]: 0xA0000134 (0xEE028293) addi t0, t0, 3808
x5 <- 0xA0004010

mem[X,0x80000138] -> 0x4305
[88] [S]: 0xA0000138 (0x4305) c.li t1, 1
x6 <- 0x00000001

mem[X,0x8000013A] -> 0xA023
mem[X,0x8000013C] -> 0x0062
[89] [S]: 0xA000013A (0x0062A023) sw t1, 0(t0)
mem[R,0x80001A00] -> 0x20000801
mem[R,0x80002010] -> 0x200010C3
trapping from S to M to handle store/amo-page-fault
handling exc#0x0F at priv M with tval 0xA0004010
CSR mstatus <- 0x000C0800

mem[X,0x80000000] -> 0x22F3
mem[X,0x80000002] -> 0x3420
[90] [M]: 0x80000000 (0x342022F3) csrrs t0, mcause, zero
CSR mcause -> 0x0000000F
x5 <- 0x0000000F

mem[X,0x80000004] -> 0x4305
[91] [M]: 0x80000004 (0x4305) c.li t1, 1
x6 <- 0x00000001

mem[X,0x80000006] -> 0x8263
mem[X,0x80000008] -> 0x0262
[92] [M]: 0x80000006 (0x02628263) beq t0, t1, 36

mem[X,0x8000000A] -> 0x4315
[93] [M]: 0x8000000A (0x4315) c.li t1, 5
x6 <- 0x00000005

mem[X,0x8000000C] -> 0x8063
mem[X,0x8000000E] -> 0x0262
[94] [M]: 0x8000000C (0x02628063) beq t0, t1, 32

mem[X,0x80000010] -> 0x431D
[95] [M]: 0x80000010 (0x431D) c.li t1, 7
x6 <- 0x00000007

mem[X,0x80000012] -> 0x8E63
mem[X,0x80000014] -> 0x0062
[96] [M]: 0x80000012 (0x00628E63) beq t0, t1, 28

mem[X,0x80000016] -> 0x4331
[97] [M]: 0x80000016 (0x4331) c.li t1, 12
x6 <- 0x0000000C

mem[X,0x80000018] -> 0x8C63
mem[X,0x8000001A] -> 0x0062
[98] [M]: 0x80000018 (0x00628C63) beq t0, t1, 24

mem[X,0x8000001C] -> 0x4335
[99] [M]: 0x8000001C (0x4335) c.li t1, 13
x6 <- 0x0000000D

clint::tick mtime <- 0x0000000000000001
 clint timer pending at mtime 0x0000000000000001
htif::tick 0x0000000000000000
mem[X,0x8000001E] -> 0x8A63
mem[X,0x80000020] -> 0x0062
[100] [M]: 0x8000001E (0x00628A63) beq t0, t1, 20

mem[X,0x80000022] -> 0x433D
[101] [M]: 0x80000022 (0x433D) c.li t1, 15
x6 <- 0x0000000F

mem[X,0x80000024] -> 0x8863
mem[X,0x80000026] -> 0x0062
[102] [M]: 0x80000024 (0x00628863) beq t0, t1, 16

mem[X,0x80000034] -> 0xA8F5
[103] [M]: 0x80000034 (0xA8F5) c.j 126

mem[X,0x80000130] -> 0x4297
mem[X,0x80000132] -> 0x0000
[104] [M]: 0x80000130 (0x00004297) auipc t0, 4
x5 <- 0x80004130

mem[X,0x80000134] -> 0x8293
mem[X,0x80000136] -> 0xEE02
[105] [M]: 0x80000134 (0xEE028293) addi t0, t0, 3808
x5 <- 0x80004010

mem[X,0x80000138] -> 0x4305
[106] [M]: 0x80000138 (0x4305) c.li t1, 1
x6 <- 0x00000001

mem[X,0x8000013A] -> 0xA023
mem[X,0x8000013C] -> 0x0062
[107] [M]: 0x8000013A (0x0062A023) sw t1, 0(t0)
htif[0x80004010] <- 0x00000001

mem[X,0x8000013E] -> 0xBFCD
[108] [M]: 0x8000013E (0xBFCD) c.j 2041

mem[X,0x80000130] -> 0x4297
mem[X,0x80000132] -> 0x0000
[109] [M]: 0x80000130 (0x00004297) auipc t0, 4
x5 <- 0x80004130

mem[X,0x80000134] -> 0x8293
mem[X,0x80000136] -> 0xEE02
[110] [M]: 0x80000134 (0xEE028293) addi t0, t0, 3808
x5 <- 0x80004010

mem[X,0x80000138] -> 0x4305
[111] [M]: 0x80000138 (0x4305) c.li t1, 1
x6 <- 0x00000001

mem[X,0x8000013A] -> 0xA023
mem[X,0x8000013C] -> 0x0062
[112] [M]: 0x8000013A (0x0062A023) sw t1, 0(t0)
htif[0x80004010] <- 0x00000001

mem[X,0x8000013E] -> 0xBFCD
[113] [M]: 0x8000013E (0xBFCD) c.j 2041

mem[X,0x80000130] -> 0x4297
mem[X,0x80000132] -> 0x0000
[114] [M]: 0x80000130 (0x00004297) auipc t0, 4
x5 <- 0x80004130

mem[X,0x80000134] -> 0x8293
mem[X,0x80000136] -> 0xEE02
[115] [M]: 0x80000134 (0xEE028293) addi t0, t0, 3808
x5 <- 0x80004010

mem[X,0x80000138] -> 0x4305
[116] [M]: 0x80000138 (0x4305) c.li t1, 1
x6 <- 0x00000001

mem[X,0x8000013A] -> 0xA023
mem[X,0x8000013C] -> 0x0062
[117] [M]: 0x8000013A (0x0062A023) sw t1, 0(t0)
htif[0x80004010] <- 0x00000001
htif-syscall-proxy cmd: 0x000000000001

SUCCESS
