Running file test.elf.
ELF Entry @ 0x80000072
CSR mstatus <- 0x00000000 (input: 0x00000000)
mem[X,0x00001000] -> 0x0297
mem[X,0x00001002] -> 0x0000
[0] [M]: 0x00001000 (0x00000297) auipc t0, 0
x5 <- 0x00001000

mem[X,0x00001004] -> 0x8593
mem[X,0x00001006] -> 0x0202
[1] [M]: 0x00001004 (0x02028593) addi a1, t0, 32
x11 <- 0x00001020

mem[X,0x00001008] -> 0x2573
mem[X,0x0000100A] -> 0xF140
[2] [M]: 0x00001008 (0xF1402573) csrrs a0, mhartid, zero
CSR mhartid -> 0x00000000
x10 <- 0x00000000

mem[X,0x0000100C] -> 0xA283
mem[X,0x0000100E] -> 0x0182
[3] [M]: 0x0000100C (0x0182A283) lw t0, 24(t0)
mem[R,0x00001018] -> 0x80000072
x5 <- 0x80000072

mem[X,0x00001010] -> 0x8067
mem[X,0x00001012] -> 0x0002
[4] [M]: 0x00001010 (0x00028067) jalr zero, t0, 0

mem[X,0x80000072] -> 0x2317
mem[X,0x80000074] -> 0x0000
[5] [M]: 0x80000072 (0x00002317) auipc t1, 2
x6 <- 0x80002072

mem[X,0x80000076] -> 0x0313
mem[X,0x80000078] -> 0xF8E3
[6] [M]: 0x80000076 (0xF8E30313) addi t1, t1, 3982
x6 <- 0x80002000

mem[X,0x8000007A] -> 0x859A
[7] [M]: 0x8000007A (0x859A) c.mv a1, t1
x11 <- 0x80002000

mem[X,0x8000007C] -> 0x2537
mem[X,0x8000007E] -> 0xA000
[8] [M]: 0x8000007C (0xA0002537) lui a0, 655362
x10 <- 0xA0002000

mem[X,0x80000080] -> 0x4605
[9] [M]: 0x80000080 (0x4605) c.li a2, 1
x12 <- 0x00000001

mem[X,0x80000082] -> 0x4685
[10] [M]: 0x80000082 (0x4685) c.li a3, 1
x13 <- 0x00000001

mem[X,0x80000084] -> 0x3FB5
[11] [M]: 0x80000084 (0x3FB5) c.jal 3964
x1 <- 0x80000086

mem[X,0x80000000] -> 0xCA91
[12] [M]: 0x80000000 (0xCA91) c.beqz a3, 10

mem[X,0x80000002] -> 0x1297
mem[X,0x80000004] -> 0x0000
[13] [M]: 0x80000002 (0x00001297) auipc t0, 1
x5 <- 0x80001002

mem[X,0x80000006] -> 0x8293
mem[X,0x80000008] -> 0xFFE2
[14] [M]: 0x80000006 (0xFFE28293) addi t0, t0, 4094
x5 <- 0x80001000

mem[X,0x8000000A] -> 0x5313
mem[X,0x8000000C] -> 0x0165
[15] [M]: 0x8000000A (0x01655313) srli t1, a0, 22
x6 <- 0x00000280

mem[X,0x8000000E] -> 0x7313
mem[X,0x80000010] -> 0x3FF3
[16] [M]: 0x8000000E (0x3FF37313) andi t1, t1, 1023
x6 <- 0x00000280

mem[X,0x80000012] -> 0xA809
[17] [M]: 0x80000012 (0xA809) c.j 9

mem[X,0x80000024] -> 0x030A
[18] [M]: 0x80000024 (0x030A) c.slli t1, 2
x6 <- 0x00000A00

mem[X,0x80000026] -> 0x929A
[19] [M]: 0x80000026 (0x929A) c.add t0, t1
x5 <- 0x80001A00

mem[X,0x80000028] -> 0xD393
mem[X,0x8000002A] -> 0x00C5
[20] [M]: 0x80000028 (0x00C5D393) srli t2, a1, 12
x7 <- 0x00080002

mem[X,0x8000002C] -> 0x03AA
[21] [M]: 0x8000002C (0x03AA) c.slli t2, 10
x7 <- 0x20000800

mem[X,0x8000002E] -> 0xE3B3
mem[X,0x80000030] -> 0x00C3
[22] [M]: 0x8000002E (0x00C3E3B3) or t2, t2, a2
x7 <- 0x20000801

mem[X,0x80000032] -> 0xA023
mem[X,0x80000034] -> 0x0072
[23] [M]: 0x80000032 (0x0072A023) sw t2, 0(t0)
mem[0x80001A00] <- 0x20000801

mem[X,0x80000036] -> 0x8082
[24] [M]: 0x80000036 (0x8082) c.jr ra

mem[X,0x80000086] -> 0x0317
mem[X,0x80000088] -> 0x0000
[25] [M]: 0x80000086 (0x00000317) auipc t1, 0
x6 <- 0x80000086

mem[X,0x8000008A] -> 0x0313
mem[X,0x8000008C] -> 0x07A3
[26] [M]: 0x8000008A (0x07A30313) addi t1, t1, 122
x6 <- 0x80000100

mem[X,0x8000008E] -> 0x859A
[27] [M]: 0x8000008E (0x859A) c.mv a1, t1
x11 <- 0x80000100

mem[X,0x80000090] -> 0x0537
mem[X,0x80000092] -> 0xA000
[28] [M]: 0x80000090 (0xA0000537) lui a0, 655360
x10 <- 0xA0000000

mem[X,0x80000094] -> 0x0513
mem[X,0x80000096] -> 0x1005
[29] [M]: 0x80000094 (0x10050513) addi a0, a0, 256
x10 <- 0xA0000100

mem[X,0x80000098] -> 0x0613
mem[X,0x8000009A] -> 0x0CF0
[30] [M]: 0x80000098 (0x0CF00613) addi a2, zero, 207
x12 <- 0x000000CF

mem[X,0x8000009C] -> 0x4681
[31] [M]: 0x8000009C (0x4681) c.li a3, 0
x13 <- 0x00000000

mem[X,0x8000009E] -> 0x378D
[32] [M]: 0x8000009E (0x378D) c.jal 3938
x1 <- 0x800000A0

mem[X,0x80000000] -> 0xCA91
[33] [M]: 0x80000000 (0xCA91) c.beqz a3, 10

mem[X,0x80000014] -> 0x2297
mem[X,0x80000016] -> 0x0000
[34] [M]: 0x80000014 (0x00002297) auipc t0, 2
x5 <- 0x80002014

mem[X,0x80000018] -> 0x8293
mem[X,0x8000001A] -> 0xFEC2
[35] [M]: 0x80000018 (0xFEC28293) addi t0, t0, 4076
x5 <- 0x80002000

mem[X,0x8000001C] -> 0x5313
mem[X,0x8000001E] -> 0x00C5
[36] [M]: 0x8000001C (0x00C55313) srli t1, a0, 12
x6 <- 0x000A0000

mem[X,0x80000020] -> 0x7313
mem[X,0x80000022] -> 0x3FF3
[37] [M]: 0x80000020 (0x3FF37313) andi t1, t1, 1023
x6 <- 0x00000000

mem[X,0x80000024] -> 0x030A
[38] [M]: 0x80000024 (0x030A) c.slli t1, 2
x6 <- 0x00000000

mem[X,0x80000026] -> 0x929A
[39] [M]: 0x80000026 (0x929A) c.add t0, t1
x5 <- 0x80002000

mem[X,0x80000028] -> 0xD393
mem[X,0x8000002A] -> 0x00C5
[40] [M]: 0x80000028 (0x00C5D393) srli t2, a1, 12
x7 <- 0x00080000

mem[X,0x8000002C] -> 0x03AA
[41] [M]: 0x8000002C (0x03AA) c.slli t2, 10
x7 <- 0x20000000

mem[X,0x8000002E] -> 0xE3B3
mem[X,0x80000030] -> 0x00C3
[42] [M]: 0x8000002E (0x00C3E3B3) or t2, t2, a2
x7 <- 0x200000CF

mem[X,0x80000032] -> 0xA023
mem[X,0x80000034] -> 0x0072
[43] [M]: 0x80000032 (0x0072A023) sw t2, 0(t0)
mem[0x80002000] <- 0x200000CF

mem[X,0x80000036] -> 0x8082
[44] [M]: 0x80000036 (0x8082) c.jr ra

mem[X,0x800000A0] -> 0x4317
mem[X,0x800000A2] -> 0x0000
[45] [M]: 0x800000A0 (0x00004317) auipc t1, 4
x6 <- 0x800040A0

mem[X,0x800000A4] -> 0x0313
mem[X,0x800000A6] -> 0xF603
[46] [M]: 0x800000A4 (0xF6030313) addi t1, t1, 3936
x6 <- 0x80004000

mem[X,0x800000A8] -> 0x859A
[47] [M]: 0x800000A8 (0x859A) c.mv a1, t1
x11 <- 0x80004000

mem[X,0x800000AA] -> 0x4537
mem[X,0x800000AC] -> 0xA000
[48] [M]: 0x800000AA (0xA0004537) lui a0, 655364
x10 <- 0xA0004000

mem[X,0x800000AE] -> 0x0613
mem[X,0x800000B0] -> 0x0C30
[49] [M]: 0x800000AE (0x0C300613) addi a2, zero, 195
x12 <- 0x000000C3

mem[X,0x800000B2] -> 0x4681
[50] [M]: 0x800000B2 (0x4681) c.li a3, 0
x13 <- 0x00000000

mem[X,0x800000B4] -> 0x37B1
[51] [M]: 0x800000B4 (0x37B1) c.jal 3916
x1 <- 0x800000B6

mem[X,0x80000000] -> 0xCA91
[52] [M]: 0x80000000 (0xCA91) c.beqz a3, 10

mem[X,0x80000014] -> 0x2297
mem[X,0x80000016] -> 0x0000
[53] [M]: 0x80000014 (0x00002297) auipc t0, 2
x5 <- 0x80002014

mem[X,0x80000018] -> 0x8293
mem[X,0x8000001A] -> 0xFEC2
[54] [M]: 0x80000018 (0xFEC28293) addi t0, t0, 4076
x5 <- 0x80002000

mem[X,0x8000001C] -> 0x5313
mem[X,0x8000001E] -> 0x00C5
[55] [M]: 0x8000001C (0x00C55313) srli t1, a0, 12
x6 <- 0x000A0004

mem[X,0x80000020] -> 0x7313
mem[X,0x80000022] -> 0x3FF3
[56] [M]: 0x80000020 (0x3FF37313) andi t1, t1, 1023
x6 <- 0x00000004

mem[X,0x80000024] -> 0x030A
[57] [M]: 0x80000024 (0x030A) c.slli t1, 2
x6 <- 0x00000010

mem[X,0x80000026] -> 0x929A
[58] [M]: 0x80000026 (0x929A) c.add t0, t1
x5 <- 0x80002010

mem[X,0x80000028] -> 0xD393
mem[X,0x8000002A] -> 0x00C5
[59] [M]: 0x80000028 (0x00C5D393) srli t2, a1, 12
x7 <- 0x00080004

mem[X,0x8000002C] -> 0x03AA
[60] [M]: 0x8000002C (0x03AA) c.slli t2, 10
x7 <- 0x20001000

mem[X,0x8000002E] -> 0xE3B3
mem[X,0x80000030] -> 0x00C3
[61] [M]: 0x8000002E (0x00C3E3B3) or t2, t2, a2
x7 <- 0x200010C3

mem[X,0x80000032] -> 0xA023
mem[X,0x80000034] -> 0x0072
[62] [M]: 0x80000032 (0x0072A023) sw t2, 0(t0)
mem[0x80002010] <- 0x200010C3

mem[X,0x80000036] -> 0x8082
[63] [M]: 0x80000036 (0x8082) c.jr ra

mem[X,0x800000B6] -> 0x0337
mem[X,0x800000B8] -> 0x8000
[64] [M]: 0x800000B6 (0x80000337) lui t1, 524288
x6 <- 0x80000000

mem[X,0x800000BA] -> 0x1297
mem[X,0x800000BC] -> 0x0000
[65] [M]: 0x800000BA (0x00001297) auipc t0, 1
x5 <- 0x800010BA

mem[X,0x800000BE] -> 0x8293
mem[X,0x800000C0] -> 0xF462
[66] [M]: 0x800000BE (0xF4628293) addi t0, t0, 3910
x5 <- 0x80001000

mem[X,0x800000C2] -> 0xD293
mem[X,0x800000C4] -> 0x00C2
[67] [M]: 0x800000C2 (0x00C2D293) srli t0, t0, 12
x5 <- 0x00080001

mem[X,0x800000C6] -> 0xE2B3
mem[X,0x800000C8] -> 0x0062
[68] [M]: 0x800000C6 (0x0062E2B3) or t0, t0, t1
x5 <- 0x80080001

mem[X,0x800000CA] -> 0x9073
mem[X,0x800000CC] -> 0x1802
[69] [M]: 0x800000CA (0x18029073) csrrw zero, satp, t0
CSR satp -> 0x00000000
CSR satp <- 0x80080001 (input: 0x80080001)

mem[X,0x800000CE] -> 0x0397
mem[X,0x800000D0] -> 0x0000
[70] [M]: 0x800000CE (0x00000397) auipc t2, 0
x7 <- 0x800000CE

mem[X,0x800000D2] -> 0x8393
mem[X,0x800000D4] -> 0xF6A3
[71] [M]: 0x800000D2 (0xF6A38393) addi t2, t2, 3946
x7 <- 0x80000038

mem[X,0x800000D6] -> 0x9073
mem[X,0x800000D8] -> 0x3053
[72] [M]: 0x800000D6 (0x30539073) csrrw zero, mtvec, t2
CSR mtvec -> 0x00000000
CSR mtvec <- 0x80000038 (input: 0x80000038)

mem[X,0x800000DA] -> 0x03B7
mem[X,0x800000DC] -> 0xA000
[73] [M]: 0x800000DA (0xA00003B7) lui t2, 655360
x7 <- 0xA0000000

mem[X,0x800000DE] -> 0x8393
mem[X,0x800000E0] -> 0x1003
[74] [M]: 0x800000DE (0x10038393) addi t2, t2, 256
x7 <- 0xA0000100

mem[X,0x800000E2] -> 0x9073
mem[X,0x800000E4] -> 0x3413
[75] [M]: 0x800000E2 (0x34139073) csrrw zero, mepc, t2
CSR mepc -> 0x00000000
CSR mepc <- 0xA0000100 (input: 0xA0000100)

mem[X,0x800000E6] -> 0x6389
[76] [M]: 0x800000E6 (0x6389) c.lui t2, 2
x7 <- 0x00002000

mem[X,0x800000E8] -> 0x8393
mem[X,0x800000EA] -> 0x8003
[77] [M]: 0x800000E8 (0x80038393) addi t2, t2, 2048
x7 <- 0x00001800

mem[X,0x800000EC] -> 0xB073
mem[X,0x800000EE] -> 0x3003
[78] [M]: 0x800000EC (0x3003B073) csrrc zero, mstatus, t2
CSR mstatus -> 0x00000000
CSR mstatus <- 0x00000000 (input: 0x00000000)

mem[X,0x800000F0] -> 0x13B7
mem[X,0x800000F2] -> 0x000C
[79] [M]: 0x800000F0 (0x000C13B7) lui t2, 193
x7 <- 0x000C1000

mem[X,0x800000F4] -> 0x8393
mem[X,0x800000F6] -> 0x8003
[80] [M]: 0x800000F4 (0x80038393) addi t2, t2, 2048
x7 <- 0x000C0800

mem[X,0x80000124] -> 0xA073
mem[X,0x80000126] -> 0x3003
[83] [M]: 0x80000124 (0x3003A073) csrrs zero, mstatus, t2
CSR mstatus -> 0x00000000
CSR mstatus <- 0x000C0800 (input: 0x000C0800)

mem[X,0x800000FC] -> 0x0073
mem[X,0x800000FE] -> 0x3020
[82] [M]: 0x800000FC (0x30200073) mret
CSR mstatus <- 0x000C0080
ret-ing from M to S

mem[R,0x80001A00] -> 0x20000801
mem[R,0x80002000] -> 0x200000CF
mem[X,0x80000100] -> 0x4F37
mem[X,0x80000102] -> 0xA000
[83] [S]: 0xA0000100 (0xA0004F37) lui t5, 655364
x30 <- 0xA0004000

mem[X,0x80000104] -> 0x2F83
mem[X,0x80000106] -> 0x000F
[84] [S]: 0xA0000104 (0x000F2F83) lw t6, 0(t5)
mem[R,0x80001A00] -> 0x20000801
mem[R,0x80002010] -> 0x200010C3
mem[R,0x80004000] -> 0x00000023
x31 <- 0x00000023

mem[R,0x80001A00] -> 0x20000801
mem[R,0x80002000] -> 0x200000CF
mem[X,0x80000108] -> 0x4297
mem[X,0x8000010A] -> 0x0000
[85] [S]: 0xA0000108 (0x00004297) auipc t0, 4
x5 <- 0xA0004108

mem[X,0x8000010C] -> 0x8293
mem[X,0x8000010E] -> 0xF082
[86] [S]: 0xA000010C (0xF0828293) addi t0, t0, 3848
x5 <- 0xA0004010

mem[X,0x80000110] -> 0x4305
[87] [S]: 0xA0000110 (0x4305) c.li t1, 1
x6 <- 0x00000001

mem[X,0x80000112] -> 0xA023
mem[X,0x80000114] -> 0x0062
[88] [S]: 0xA0000112 (0x0062A023) sw t1, 0(t0)
mem[R,0x80001A00] -> 0x20000801
mem[R,0x80002010] -> 0x200010C3
trapping from S to M to handle store/amo-page-fault
handling exc#0x0F at priv M with tval 0xA0004010
CSR mstatus <- 0x000C0800

mem[X,0x80000038] -> 0x22F3
mem[X,0x8000003A] -> 0x3420
[89] [M]: 0x80000038 (0x342022F3) csrrs t0, mcause, zero
CSR mcause -> 0x0000000F
x5 <- 0x0000000F

mem[X,0x8000003C] -> 0x4305
[90] [M]: 0x8000003C (0x4305) c.li t1, 1
x6 <- 0x00000001

mem[X,0x8000003E] -> 0x8263
mem[X,0x80000040] -> 0x0262
[91] [M]: 0x8000003E (0x02628263) beq t0, t1, 36

mem[X,0x80000042] -> 0x4315
[92] [M]: 0x80000042 (0x4315) c.li t1, 5
x6 <- 0x00000005

mem[X,0x80000044] -> 0x8063
mem[X,0x80000046] -> 0x0262
[93] [M]: 0x80000044 (0x02628063) beq t0, t1, 32

mem[X,0x80000048] -> 0x431D
[94] [M]: 0x80000048 (0x431D) c.li t1, 7
x6 <- 0x00000007

mem[X,0x8000004A] -> 0x8E63
mem[X,0x8000004C] -> 0x0062
[95] [M]: 0x8000004A (0x00628E63) beq t0, t1, 28

mem[X,0x8000004E] -> 0x4331
[96] [M]: 0x8000004E (0x4331) c.li t1, 12
x6 <- 0x0000000C

mem[X,0x80000050] -> 0x8C63
mem[X,0x80000052] -> 0x0062
[97] [M]: 0x80000050 (0x00628C63) beq t0, t1, 24

mem[X,0x80000054] -> 0x4335
[98] [M]: 0x80000054 (0x4335) c.li t1, 13
x6 <- 0x0000000D

mem[X,0x80000056] -> 0x8A63
mem[X,0x80000058] -> 0x0062
[99] [M]: 0x80000056 (0x00628A63) beq t0, t1, 20

clint::tick mtime <- 0x0000000000000001
 clint timer pending at mtime 0x0000000000000001
htif::tick 0x0000000000000000
mem[X,0x8000005A] -> 0x433D
[100] [M]: 0x8000005A (0x433D) c.li t1, 15
x6 <- 0x0000000F

mem[X,0x8000005C] -> 0x8863
mem[X,0x8000005E] -> 0x0062
[101] [M]: 0x8000005C (0x00628863) beq t0, t1, 16

mem[X,0x8000006C] -> 0xA871
[102] [M]: 0x8000006C (0xA871) c.j 78

mem[X,0x80000108] -> 0x4297
mem[X,0x8000010A] -> 0x0000
[103] [M]: 0x80000108 (0x00004297) auipc t0, 4
x5 <- 0x80004108

mem[X,0x8000010C] -> 0x8293
mem[X,0x8000010E] -> 0xF082
[104] [M]: 0x8000010C (0xF0828293) addi t0, t0, 3848
x5 <- 0x80004010

mem[X,0x80000110] -> 0x4305
[105] [M]: 0x80000110 (0x4305) c.li t1, 1
x6 <- 0x00000001

mem[X,0x80000112] -> 0xA023
mem[X,0x80000114] -> 0x0062
[106] [M]: 0x80000112 (0x0062A023) sw t1, 0(t0)
htif[0x80004010] <- 0x00000001

mem[X,0x80000116] -> 0xBFCD
[107] [M]: 0x80000116 (0xBFCD) c.j 2041

mem[X,0x80000108] -> 0x4297
mem[X,0x8000010A] -> 0x0000
[108] [M]: 0x80000108 (0x00004297) auipc t0, 4
x5 <- 0x80004108

mem[X,0x8000010C] -> 0x8293
mem[X,0x8000010E] -> 0xF082
[109] [M]: 0x8000010C (0xF0828293) addi t0, t0, 3848
x5 <- 0x80004010

mem[X,0x80000110] -> 0x4305
[110] [M]: 0x80000110 (0x4305) c.li t1, 1
x6 <- 0x00000001

mem[X,0x80000112] -> 0xA023
mem[X,0x80000114] -> 0x0062
[111] [M]: 0x80000112 (0x0062A023) sw t1, 0(t0)
htif[0x80004010] <- 0x00000001

mem[X,0x80000116] -> 0xBFCD
[112] [M]: 0x80000116 (0xBFCD) c.j 2041

mem[X,0x80000108] -> 0x4297
mem[X,0x8000010A] -> 0x0000
[113] [M]: 0x80000108 (0x00004297) auipc t0, 4
x5 <- 0x80004108

mem[X,0x8000010C] -> 0x8293
mem[X,0x8000010E] -> 0xF082
[114] [M]: 0x8000010C (0xF0828293) addi t0, t0, 3848
x5 <- 0x80004010

mem[X,0x80000110] -> 0x4305
[115] [M]: 0x80000110 (0x4305) c.li t1, 1
x6 <- 0x00000001

mem[X,0x80000112] -> 0xA023
mem[X,0x80000114] -> 0x0062
[116] [M]: 0x80000112 (0x0062A023) sw t1, 0(t0)
htif[0x80004010] <- 0x00000001
htif-syscall-proxy cmd: 0x000000000001

SUCCESS
